


ARM Macro Assembler    Page 1 


    1 00000000         #line   1                "delay.s"
    1 00000000                 AREA             delay, CODE
    2 00000000         
                       
Command Line: --debug --xref --cpreproc --diag_suppress=9931 --cpu=Cortex-M0+ -
-apcs=interwork --depend=.\release\objects\delay.d -o.\release\objects\delay.o 
-I.\RTE\_Release -IC:\Keil_v5\ARM\CMSIS\Include --predefine="__MICROLIB SETA 1"
 --predefine="__UVISION_VERSION SETA 526" --list=.\release\listings\delay.lst d
elay.s



ARM Macro Assembler    Page 1 Alphabetic symbol ordering
Relocatable symbols

delay 00000000

Symbol: delay
   Definitions
      At line 1 in file delay.s
   Uses
      None
Comment: delay unused
1 symbol
333 symbols in table
