


ARM Macro Assembler    Page 1 


    1 00000000         #line   1                "MicroSecondDelay.s"
    1 00000000                 AREA             MicroDelay, CODE
    2 00000000                 EXPORT           MicroSecondDelay
    3 00000000                 ALIGN
    4 00000000         
    5 00000000         MicroSecondDelay
                               PROC
    6 00000000 B510            PUSH             {r4, lr}
    7 00000002 2106            MOVS             R1, #6
    8 00000004 4348            MULS             R0, R1, R0
    9 00000006 1E40    loop    SUBS             R0, R0, #1
   10 00000008 2800            CMP              R0, #0
   11 0000000A D1FC            BNE              loop
   12 0000000C BD10            POP              {r4,pc}
   13 0000000E                 ENDP
   14 0000000E         
   15 0000000E                 END
Command Line: --debug --xref --cpreproc --diag_suppress=9931 --cpu=Cortex-M0+ -
-apcs=interwork --depend=.\release\objects\microseconddelay.d -o.\release\objec
ts\microseconddelay.o -I.\RTE\_Release -IC:\Keil_v5\ARM\CMSIS\Include --predefi
ne="__MICROLIB SETA 1" --predefine="__UVISION_VERSION SETA 528" --list=.\releas
e\listings\microseconddelay.lst MicroSecondDelay.s



ARM Macro Assembler    Page 1 Alphabetic symbol ordering
Relocatable symbols

MicroDelay 00000000

Symbol: MicroDelay
   Definitions
      At line 1 in file MicroSecondDelay.s
   Uses
      None
Comment: MicroDelay unused
MicroSecondDelay 00000000

Symbol: MicroSecondDelay
   Definitions
      At line 5 in file MicroSecondDelay.s
   Uses
      At line 2 in file MicroSecondDelay.s
Comment: MicroSecondDelay used once
loop 00000006

Symbol: loop
   Definitions
      At line 9 in file MicroSecondDelay.s
   Uses
      At line 11 in file MicroSecondDelay.s
Comment: loop used once
3 symbols
335 symbols in table
